[2022-10-09 16:59:46,198][pid:91551-tid:8643132928] mini_spider.<module>: ERROR: seed file [./data/urls] not exist
[2022-10-09 17:02:22,390][pid:92225-tid:8609713664] mini_spider.<module>: DEBUG: seed url len = 1
[2022-10-09 17:02:35,359][pid:92298-tid:8681332224] mini_spider.<module>: DEBUG: seed url len = 1
[2022-10-09 17:02:36,776][pid:92298-tid:8681332224] mini_spider.<module>: DEBUG: seed url: UrlNode 140430938158848: url-https://www.baidu.com/, depth-0, father_url-, raw_url-https://www.baidu.com/
[2022-10-09 17:27:33,538][pid:98637-tid:8637599232] mini_spider.<module>: DEBUG: seed url len = 1
[2022-10-09 17:27:35,048][pid:98637-tid:8637599232] mini_spider.<module>: DEBUG: seed url: UrlNode 140289607546624: url-https://www.baidu.com/, depth-0, father_url-, raw_url-https://www.baidu.com/
[2022-10-09 17:27:35,049][pid:98637-tid:8637599232] mini_spider.<module>: DEBUG: url table len = 1, content: deque([<tools.url_table.UrlNode object at 0x7f97b8393700>])
[2022-10-09 17:28:21,974][pid:98934-tid:8680185344] mini_spider.<module>: DEBUG: seed url len = 1
[2022-10-09 17:28:23,521][pid:98934-tid:8680185344] mini_spider.<module>: DEBUG: seed url: UrlNode 140203840771600: url-https://www.baidu.com/, depth-0, father_url-, raw_url-https://www.baidu.com/
[2022-10-09 17:28:23,522][pid:98934-tid:8680185344] mini_spider.<module>: DEBUG: url table len = 1, content: deque([<tools.url_table.UrlNode object at 0x7f83c0201610>])
[2022-10-09 17:29:36,702][pid:99386-tid:8670236160] mini_spider.<module>: DEBUG: seed url len = 1
[2022-10-09 17:29:38,162][pid:99386-tid:8670236160] mini_spider.<module>: DEBUG: seed url: UrlNode 140431741214928: url-https://www.baidu.com/, depth-0, father_url-, raw_url-https://www.baidu.com/
[2022-10-09 17:29:38,163][pid:99386-tid:8670236160] mini_spider.<module>: DEBUG: url table len = 1, content: deque([<tools.url_table.UrlNode object at 0x7fb8d00ce0d0>])
[2022-10-09 17:29:38,328][pid:99386-tid:13072478208] crawl_thread.crawler: INFO: Crawler #0 crawl https://www.baidu.com/ done, cost 164 ms
[2022-10-09 17:29:38,328][pid:99386-tid:8670236160] mini_spider.<module>: DEBUG: Elegantly exit
[2022-10-09 17:32:59,373][pid:689-tid:8639839744] mini_spider.<module>: DEBUG: seed url len = 2
[2022-10-09 17:33:00,702][pid:689-tid:8639839744] mini_spider.<module>: DEBUG: seed url: UrlNode 140654678929312: url-https://www.baidu.com/, depth-0, father_url-, raw_url-https://www.baidu.com/
[2022-10-09 17:33:00,703][pid:689-tid:8639839744] mini_spider.<module>: DEBUG: seed url: UrlNode 140654408599776: url-http://www.budejie.com, depth-0, father_url-, raw_url-http://www.budejie.com
[2022-10-09 17:33:00,703][pid:689-tid:8639839744] mini_spider.<module>: DEBUG: url table len = 2, content: deque([<tools.url_table.UrlNode object at 0x7fecb82c6fa0>, <tools.url_table.UrlNode object at 0x7feca80f88e0>])
[2022-10-09 17:33:00,826][pid:689-tid:13009620992] crawl_thread.crawler: INFO: Crawler #0 crawl https://www.baidu.com/ done, cost 123 ms
[2022-10-09 17:33:02,643][pid:689-tid:13026410496] crawl_thread.crawler: INFO: Crawler #1 crawl http://www.budejie.com done, cost 1939 ms
[2022-10-09 17:33:02,643][pid:689-tid:8639839744] mini_spider.<module>: DEBUG: Elegantly exit
[2022-10-09 17:46:39,101][pid:3863-tid:8613666304] mini_spider.<module>: DEBUG: seed url len = 2
[2022-10-09 17:46:40,463][pid:3863-tid:8613666304] mini_spider.<module>: DEBUG: seed url: UrlNode 140336583045024: url-https://www.baidu.com/, depth-0, father_url-, raw_url-https://www.baidu.com/
[2022-10-09 17:46:40,464][pid:3863-tid:8613666304] mini_spider.<module>: DEBUG: seed url: UrlNode 140336582592736: url-http://www.budejie.com, depth-0, father_url-, raw_url-http://www.budejie.com
[2022-10-09 17:46:40,464][pid:3863-tid:8613666304] mini_spider.<module>: DEBUG: url table len = 2, content: deque([<tools.url_table.UrlNode object at 0x7fa2a82e6fa0>, <tools.url_table.UrlNode object at 0x7fa2a82788e0>])
[2022-10-09 17:46:40,582][pid:3863-tid:12957908992] crawl_thread.crawler: INFO: Crawler #0 crawl https://www.baidu.com/ done, cost 117 ms
[2022-10-09 17:46:42,216][pid:3863-tid:12974698496] crawl_thread.crawler: INFO: Crawler #1 crawl http://www.budejie.com done, cost 1751 ms
[2022-10-09 17:46:42,216][pid:3863-tid:8613666304] mini_spider.<module>: DEBUG: Elegantly exit
[2022-10-09 17:47:14,452][pid:4021-tid:8640691712] mini_spider.<module>: DEBUG: seed url len = 2
[2022-10-09 17:47:15,733][pid:4021-tid:8640691712] mini_spider.<module>: DEBUG: seed url: UrlNode 140466909769632: url-https://www.baidu.com/, depth-0, father_url-, raw_url-https://www.baidu.com/
[2022-10-09 17:47:15,734][pid:4021-tid:8640691712] mini_spider.<module>: DEBUG: seed url: UrlNode 140466909317344: url-http://www.budejie.com, depth-0, father_url-, raw_url-http://www.budejie.com
[2022-10-09 17:47:15,734][pid:4021-tid:8640691712] mini_spider.<module>: DEBUG: url table len = 2, content: deque([<tools.url_table.UrlNode object at 0x7fc100426fa0>, <tools.url_table.UrlNode object at 0x7fc1003b88e0>])
[2022-10-09 17:47:15,836][pid:4021-tid:13011746816] crawl_thread.crawler: INFO: Crawler #0 crawl https://www.baidu.com/ done, cost 101 ms
[2022-10-09 17:47:17,024][pid:4021-tid:13028536320] crawl_thread.crawler: INFO: Crawler #1 crawl http://www.budejie.com done, cost 1288 ms
[2022-10-09 17:47:17,024][pid:4021-tid:8640691712] mini_spider.<module>: DEBUG: Elegantly exit
[2022-10-09 17:48:50,028][pid:4447-tid:8663817728] mini_spider.<module>: DEBUG: seed url len = 2
[2022-10-09 17:48:51,771][pid:4447-tid:8663817728] mini_spider.<module>: DEBUG: seed url: UrlNode 140288266137504: url-https://www.baidu.com/, depth-0, father_url-, raw_url-https://www.baidu.com/
[2022-10-09 17:48:51,771][pid:4447-tid:8663817728] mini_spider.<module>: DEBUG: seed url: UrlNode 140288265029856: url-http://www.budejie.com/, depth-0, father_url-, raw_url-http://www.budejie.com/
[2022-10-09 17:48:51,772][pid:4447-tid:8663817728] mini_spider.<module>: DEBUG: url table len = 2, content: deque([<tools.url_table.UrlNode object at 0x7f976844efa0>, <tools.url_table.UrlNode object at 0x7f97683408e0>])
[2022-10-09 17:48:51,873][pid:4447-tid:13060972544] crawl_thread.crawler: INFO: Crawler #0 crawl https://www.baidu.com/ done, cost 100 ms
[2022-10-09 17:48:53,072][pid:4447-tid:13077762048] crawl_thread.crawler: INFO: Crawler #1 crawl http://www.budejie.com/ done, cost 1299 ms
[2022-10-09 17:48:53,072][pid:4447-tid:8663817728] mini_spider.<module>: DEBUG: Elegantly exit
